I, [2024-10-15T03:27:52.409377 #1]  INFO -- : Refreshing Gem list
DEPRECATION WARNING: The configuration option `config.serve_static_assets` has been renamed to `config.serve_static_files` to clarify its role (it merely enables serving everything in the `public` folder and is unrelated to the asset pipeline). The `serve_static_assets` alias will be removed in Rails 5.0. Please migrate your configuration files accordingly. (called from block in <top (required)> at /app/config/environments/production.rb:23)
bundler: failed to load command: unicorn (/usr/local/bundle/bin/unicorn)
/usr/local/bundle/gems/activerecord-4.2.11.3/lib/active_record/connection_adapters/connection_specification.rb:248:in `resolve_symbol_connection': 'production' database is not configured. Available: ["development"] (ActiveRecord::AdapterNotSpecified)
	from /usr/local/bundle/gems/activerecord-4.2.11.3/lib/active_record/connection_adapters/connection_specification.rb:211:in `resolve_connection'
	from /usr/local/bundle/gems/activerecord-4.2.11.3/lib/active_record/connection_adapters/connection_specification.rb:139:in `resolve'
	from /usr/local/bundle/gems/activerecord-4.2.11.3/lib/active_record/connection_adapters/connection_specification.rb:169:in `spec'
	from /usr/local/bundle/gems/activerecord-4.2.11.3/lib/active_record/connection_handling.rb:50:in `establish_connection'
	from /usr/local/bundle/gems/activerecord-4.2.11.3/lib/active_record/railtie.rb:122:in `block (2 levels) in <class:Railtie>'
	from /usr/local/bundle/gems/activesupport-4.2.11.3/lib/active_support/lazy_load_hooks.rb:38:in `instance_eval'
	from /usr/local/bundle/gems/activesupport-4.2.11.3/lib/active_support/lazy_load_hooks.rb:38:in `execute_hook'
	from /usr/local/bundle/gems/activesupport-4.2.11.3/lib/active_support/lazy_load_hooks.rb:28:in `block in on_load'
	from /usr/local/bundle/gems/activesupport-4.2.11.3/lib/active_support/lazy_load_hooks.rb:27:in `each'
	from /usr/local/bundle/gems/activesupport-4.2.11.3/lib/active_support/lazy_load_hooks.rb:27:in `on_load'
	from /usr/local/bundle/gems/activerecord-4.2.11.3/lib/active_record/railtie.rb:118:in `block in <class:Railtie>'
	from /usr/local/bundle/gems/railties-4.2.11.3/lib/rails/initializable.rb:30:in `instance_exec'
	from /usr/local/bundle/gems/railties-4.2.11.3/lib/rails/initializable.rb:30:in `run'
	from /usr/local/bundle/gems/railties-4.2.11.3/lib/rails/initializable.rb:55:in `block in run_initializers'
	from /usr/local/lib/ruby/2.7.0/tsort.rb:228:in `block in tsort_each'
	from /usr/local/lib/ruby/2.7.0/tsort.rb:350:in `block (2 levels) in each_strongly_connected_component'
	from /usr/local/lib/ruby/2.7.0/tsort.rb:431:in `each_strongly_connected_component_from'
	from /usr/local/lib/ruby/2.7.0/tsort.rb:349:in `block in each_strongly_connected_component'
	from /usr/local/lib/ruby/2.7.0/tsort.rb:347:in `each'
	from /usr/local/lib/ruby/2.7.0/tsort.rb:347:in `call'
	from /usr/local/lib/ruby/2.7.0/tsort.rb:347:in `each_strongly_connected_component'
	from /usr/local/lib/ruby/2.7.0/tsort.rb:226:in `tsort_each'
	from /usr/local/lib/ruby/2.7.0/tsort.rb:205:in `tsort_each'
	from /usr/local/bundle/gems/railties-4.2.11.3/lib/rails/initializable.rb:54:in `run_initializers'
	from /usr/local/bundle/gems/railties-4.2.11.3/lib/rails/application.rb:352:in `initialize!'
	from /app/config/environment.rb:5:in `<top (required)>'
	from config.ru:4:in `require'
	from config.ru:4:in `block in <main>'
	from /usr/local/bundle/gems/rack-1.6.13/lib/rack/builder.rb:55:in `instance_eval'
	from /usr/local/bundle/gems/rack-1.6.13/lib/rack/builder.rb:55:in `initialize'
	from config.ru:1:in `new'
	from config.ru:1:in `<main>'
	from /usr/local/bundle/gems/unicorn-6.0.0/lib/unicorn.rb:54:in `eval'
	from /usr/local/bundle/gems/unicorn-6.0.0/lib/unicorn.rb:54:in `block in builder'
	from /usr/local/bundle/gems/unicorn-6.0.0/lib/unicorn/http_server.rb:826:in `build_app!'
	from /usr/local/bundle/gems/unicorn-6.0.0/lib/unicorn/http_server.rb:140:in `start'
	from /usr/local/bundle/gems/unicorn-6.0.0/bin/unicorn:128:in `<top (required)>'
	from /usr/local/bundle/bin/unicorn:23:in `load'
	from /usr/local/bundle/bin/unicorn:23:in `<top (required)>'
	from /usr/local/bundle/gems/bundler-2.3.13/lib/bundler/cli/exec.rb:58:in `load'
	from /usr/local/bundle/gems/bundler-2.3.13/lib/bundler/cli/exec.rb:58:in `kernel_load'
	from /usr/local/bundle/gems/bundler-2.3.13/lib/bundler/cli/exec.rb:23:in `run'
	from /usr/local/bundle/gems/bundler-2.3.13/lib/bundler/cli.rb:483:in `exec'
	from /usr/local/bundle/gems/bundler-2.3.13/lib/bundler/vendor/thor/lib/thor/command.rb:27:in `run'
	from /usr/local/bundle/gems/bundler-2.3.13/lib/bundler/vendor/thor/lib/thor/invocation.rb:127:in `invoke_command'
	from /usr/local/bundle/gems/bundler-2.3.13/lib/bundler/vendor/thor/lib/thor.rb:392:in `dispatch'
	from /usr/local/bundle/gems/bundler-2.3.13/lib/bundler/cli.rb:31:in `dispatch'
	from /usr/local/bundle/gems/bundler-2.3.13/lib/bundler/vendor/thor/lib/thor/base.rb:485:in `start'
	from /usr/local/bundle/gems/bundler-2.3.13/lib/bundler/cli.rb:25:in `start'
	from /usr/local/bundle/gems/bundler-2.3.13/exe/bundle:48:in `block in <top (required)>'
	from /usr/local/bundle/gems/bundler-2.3.13/lib/bundler/friendly_errors.rb:103:in `with_friendly_errors'
	from /usr/local/bundle/gems/bundler-2.3.13/exe/bundle:36:in `<top (required)>'
	from /usr/local/bundle/bin/bundle:23:in `load'
	from /usr/local/bundle/bin/bundle:23:in `<main>'
bundler: failed to load command: unicorn (/usr/local/bundle/bin/unicorn)
/usr/local/bundle/gems/unicorn-6.0.0/lib/unicorn/http_server.rb:206:in `pid=': Already running on PID:1 (or pid=/app/shared/pids/unicorn.pid is stale) (ArgumentError)
	from /usr/local/bundle/gems/unicorn-6.0.0/lib/unicorn/http_server.rb:138:in `start'
	from /usr/local/bundle/gems/unicorn-6.0.0/bin/unicorn:128:in `<top (required)>'
	from /usr/local/bundle/bin/unicorn:23:in `load'
	from /usr/local/bundle/bin/unicorn:23:in `<top (required)>'
	from /usr/local/bundle/gems/bundler-2.3.13/lib/bundler/cli/exec.rb:58:in `load'
	from /usr/local/bundle/gems/bundler-2.3.13/lib/bundler/cli/exec.rb:58:in `kernel_load'
	from /usr/local/bundle/gems/bundler-2.3.13/lib/bundler/cli/exec.rb:23:in `run'
	from /usr/local/bundle/gems/bundler-2.3.13/lib/bundler/cli.rb:483:in `exec'
	from /usr/local/bundle/gems/bundler-2.3.13/lib/bundler/vendor/thor/lib/thor/command.rb:27:in `run'
	from /usr/local/bundle/gems/bundler-2.3.13/lib/bundler/vendor/thor/lib/thor/invocation.rb:127:in `invoke_command'
	from /usr/local/bundle/gems/bundler-2.3.13/lib/bundler/vendor/thor/lib/thor.rb:392:in `dispatch'
	from /usr/local/bundle/gems/bundler-2.3.13/lib/bundler/cli.rb:31:in `dispatch'
	from /usr/local/bundle/gems/bundler-2.3.13/lib/bundler/vendor/thor/lib/thor/base.rb:485:in `start'
	from /usr/local/bundle/gems/bundler-2.3.13/lib/bundler/cli.rb:25:in `start'
	from /usr/local/bundle/gems/bundler-2.3.13/exe/bundle:48:in `block in <top (required)>'
	from /usr/local/bundle/gems/bundler-2.3.13/lib/bundler/friendly_errors.rb:103:in `with_friendly_errors'
	from /usr/local/bundle/gems/bundler-2.3.13/exe/bundle:36:in `<top (required)>'
	from /usr/local/bundle/bin/bundle:23:in `load'
	from /usr/local/bundle/bin/bundle:23:in `<main>'
I, [2024-10-15T03:35:06.121794 #1]  INFO -- : Refreshing Gem list
DEPRECATION WARNING: The configuration option `config.serve_static_assets` has been renamed to `config.serve_static_files` to clarify its role (it merely enables serving everything in the `public` folder and is unrelated to the asset pipeline). The `serve_static_assets` alias will be removed in Rails 5.0. Please migrate your configuration files accordingly. (called from block in <top (required)> at /app/config/environments/production.rb:23)
bundler: failed to load command: unicorn (/usr/local/bundle/bin/unicorn)
/usr/local/bundle/gems/activerecord-4.2.11.3/lib/active_record/connection_adapters/connection_specification.rb:248:in `resolve_symbol_connection': 'production' database is not configured. Available: ["development"] (ActiveRecord::AdapterNotSpecified)
	from /usr/local/bundle/gems/activerecord-4.2.11.3/lib/active_record/connection_adapters/connection_specification.rb:211:in `resolve_connection'
	from /usr/local/bundle/gems/activerecord-4.2.11.3/lib/active_record/connection_adapters/connection_specification.rb:139:in `resolve'
	from /usr/local/bundle/gems/activerecord-4.2.11.3/lib/active_record/connection_adapters/connection_specification.rb:169:in `spec'
	from /usr/local/bundle/gems/activerecord-4.2.11.3/lib/active_record/connection_handling.rb:50:in `establish_connection'
	from /usr/local/bundle/gems/activerecord-4.2.11.3/lib/active_record/railtie.rb:122:in `block (2 levels) in <class:Railtie>'
	from /usr/local/bundle/gems/activesupport-4.2.11.3/lib/active_support/lazy_load_hooks.rb:38:in `instance_eval'
	from /usr/local/bundle/gems/activesupport-4.2.11.3/lib/active_support/lazy_load_hooks.rb:38:in `execute_hook'
	from /usr/local/bundle/gems/activesupport-4.2.11.3/lib/active_support/lazy_load_hooks.rb:28:in `block in on_load'
	from /usr/local/bundle/gems/activesupport-4.2.11.3/lib/active_support/lazy_load_hooks.rb:27:in `each'
	from /usr/local/bundle/gems/activesupport-4.2.11.3/lib/active_support/lazy_load_hooks.rb:27:in `on_load'
	from /usr/local/bundle/gems/activerecord-4.2.11.3/lib/active_record/railtie.rb:118:in `block in <class:Railtie>'
	from /usr/local/bundle/gems/railties-4.2.11.3/lib/rails/initializable.rb:30:in `instance_exec'
	from /usr/local/bundle/gems/railties-4.2.11.3/lib/rails/initializable.rb:30:in `run'
	from /usr/local/bundle/gems/railties-4.2.11.3/lib/rails/initializable.rb:55:in `block in run_initializers'
	from /usr/local/lib/ruby/2.7.0/tsort.rb:228:in `block in tsort_each'
	from /usr/local/lib/ruby/2.7.0/tsort.rb:350:in `block (2 levels) in each_strongly_connected_component'
	from /usr/local/lib/ruby/2.7.0/tsort.rb:431:in `each_strongly_connected_component_from'
	from /usr/local/lib/ruby/2.7.0/tsort.rb:349:in `block in each_strongly_connected_component'
	from /usr/local/lib/ruby/2.7.0/tsort.rb:347:in `each'
	from /usr/local/lib/ruby/2.7.0/tsort.rb:347:in `call'
	from /usr/local/lib/ruby/2.7.0/tsort.rb:347:in `each_strongly_connected_component'
	from /usr/local/lib/ruby/2.7.0/tsort.rb:226:in `tsort_each'
	from /usr/local/lib/ruby/2.7.0/tsort.rb:205:in `tsort_each'
	from /usr/local/bundle/gems/railties-4.2.11.3/lib/rails/initializable.rb:54:in `run_initializers'
	from /usr/local/bundle/gems/railties-4.2.11.3/lib/rails/application.rb:352:in `initialize!'
	from /app/config/environment.rb:5:in `<top (required)>'
	from config.ru:4:in `require'
	from config.ru:4:in `block in <main>'
	from /usr/local/bundle/gems/rack-1.6.13/lib/rack/builder.rb:55:in `instance_eval'
	from /usr/local/bundle/gems/rack-1.6.13/lib/rack/builder.rb:55:in `initialize'
	from config.ru:1:in `new'
	from config.ru:1:in `<main>'
	from /usr/local/bundle/gems/unicorn-6.0.0/lib/unicorn.rb:54:in `eval'
	from /usr/local/bundle/gems/unicorn-6.0.0/lib/unicorn.rb:54:in `block in builder'
	from /usr/local/bundle/gems/unicorn-6.0.0/lib/unicorn/http_server.rb:826:in `build_app!'
	from /usr/local/bundle/gems/unicorn-6.0.0/lib/unicorn/http_server.rb:140:in `start'
	from /usr/local/bundle/gems/unicorn-6.0.0/bin/unicorn:128:in `<top (required)>'
	from /usr/local/bundle/bin/unicorn:23:in `load'
	from /usr/local/bundle/bin/unicorn:23:in `<top (required)>'
	from /usr/local/bundle/gems/bundler-2.3.13/lib/bundler/cli/exec.rb:58:in `load'
	from /usr/local/bundle/gems/bundler-2.3.13/lib/bundler/cli/exec.rb:58:in `kernel_load'
	from /usr/local/bundle/gems/bundler-2.3.13/lib/bundler/cli/exec.rb:23:in `run'
	from /usr/local/bundle/gems/bundler-2.3.13/lib/bundler/cli.rb:483:in `exec'
	from /usr/local/bundle/gems/bundler-2.3.13/lib/bundler/vendor/thor/lib/thor/command.rb:27:in `run'
	from /usr/local/bundle/gems/bundler-2.3.13/lib/bundler/vendor/thor/lib/thor/invocation.rb:127:in `invoke_command'
	from /usr/local/bundle/gems/bundler-2.3.13/lib/bundler/vendor/thor/lib/thor.rb:392:in `dispatch'
	from /usr/local/bundle/gems/bundler-2.3.13/lib/bundler/cli.rb:31:in `dispatch'
	from /usr/local/bundle/gems/bundler-2.3.13/lib/bundler/vendor/thor/lib/thor/base.rb:485:in `start'
	from /usr/local/bundle/gems/bundler-2.3.13/lib/bundler/cli.rb:25:in `start'
	from /usr/local/bundle/gems/bundler-2.3.13/exe/bundle:48:in `block in <top (required)>'
	from /usr/local/bundle/gems/bundler-2.3.13/lib/bundler/friendly_errors.rb:103:in `with_friendly_errors'
	from /usr/local/bundle/gems/bundler-2.3.13/exe/bundle:36:in `<top (required)>'
	from /usr/local/bundle/bin/bundle:23:in `load'
	from /usr/local/bundle/bin/bundle:23:in `<main>'
bundler: failed to load command: unicorn (/usr/local/bundle/bin/unicorn)
/usr/local/bundle/gems/unicorn-6.0.0/lib/unicorn/http_server.rb:206:in `pid=': Already running on PID:1 (or pid=/app/shared/pids/unicorn.pid is stale) (ArgumentError)
	from /usr/local/bundle/gems/unicorn-6.0.0/lib/unicorn/http_server.rb:138:in `start'
	from /usr/local/bundle/gems/unicorn-6.0.0/bin/unicorn:128:in `<top (required)>'
	from /usr/local/bundle/bin/unicorn:23:in `load'
	from /usr/local/bundle/bin/unicorn:23:in `<top (required)>'
	from /usr/local/bundle/gems/bundler-2.3.13/lib/bundler/cli/exec.rb:58:in `load'
	from /usr/local/bundle/gems/bundler-2.3.13/lib/bundler/cli/exec.rb:58:in `kernel_load'
	from /usr/local/bundle/gems/bundler-2.3.13/lib/bundler/cli/exec.rb:23:in `run'
	from /usr/local/bundle/gems/bundler-2.3.13/lib/bundler/cli.rb:483:in `exec'
	from /usr/local/bundle/gems/bundler-2.3.13/lib/bundler/vendor/thor/lib/thor/command.rb:27:in `run'
	from /usr/local/bundle/gems/bundler-2.3.13/lib/bundler/vendor/thor/lib/thor/invocation.rb:127:in `invoke_command'
	from /usr/local/bundle/gems/bundler-2.3.13/lib/bundler/vendor/thor/lib/thor.rb:392:in `dispatch'
	from /usr/local/bundle/gems/bundler-2.3.13/lib/bundler/cli.rb:31:in `dispatch'
	from /usr/local/bundle/gems/bundler-2.3.13/lib/bundler/vendor/thor/lib/thor/base.rb:485:in `start'
	from /usr/local/bundle/gems/bundler-2.3.13/lib/bundler/cli.rb:25:in `start'
	from /usr/local/bundle/gems/bundler-2.3.13/exe/bundle:48:in `block in <top (required)>'
	from /usr/local/bundle/gems/bundler-2.3.13/lib/bundler/friendly_errors.rb:103:in `with_friendly_errors'
	from /usr/local/bundle/gems/bundler-2.3.13/exe/bundle:36:in `<top (required)>'
	from /usr/local/bundle/bin/bundle:23:in `load'
	from /usr/local/bundle/bin/bundle:23:in `<main>'
I, [2024-10-15T03:36:09.291806 #1]  INFO -- : Refreshing Gem list
DEPRECATION WARNING: The configuration option `config.serve_static_assets` has been renamed to `config.serve_static_files` to clarify its role (it merely enables serving everything in the `public` folder and is unrelated to the asset pipeline). The `serve_static_assets` alias will be removed in Rails 5.0. Please migrate your configuration files accordingly. (called from block in <top (required)> at /app/config/environments/production.rb:23)
I, [2024-10-15T03:36:11.360919 #1]  INFO -- : listening on addr=/app/shared/sockets/unicorn_1.sock fd=8
I, [2024-10-15T03:36:11.361023 #1]  INFO -- : listening on addr=/app/shared/sockets/unicorn_2.sock fd=9
I, [2024-10-15T03:36:11.361128 #1]  INFO -- : worker=0 spawning...
I, [2024-10-15T03:36:11.364263 #1]  INFO -- : worker=1 spawning...
I, [2024-10-15T03:36:11.364779 #7]  INFO -- : worker=0 spawned pid=7
I, [2024-10-15T03:36:11.364930 #7]  INFO -- : worker=0 ready
I, [2024-10-15T03:36:11.366361 #1]  INFO -- : worker=2 spawning...
I, [2024-10-15T03:36:11.366805 #8]  INFO -- : worker=1 spawned pid=8
I, [2024-10-15T03:36:11.366891 #8]  INFO -- : worker=1 ready
I, [2024-10-15T03:36:11.369109 #1]  INFO -- : worker=3 spawning...
I, [2024-10-15T03:36:11.369773 #9]  INFO -- : worker=2 spawned pid=9
I, [2024-10-15T03:36:11.369880 #9]  INFO -- : worker=2 ready
I, [2024-10-15T03:36:11.371826 #1]  INFO -- : master process ready
I, [2024-10-15T03:36:11.372498 #10]  INFO -- : worker=3 spawned pid=10
I, [2024-10-15T03:36:11.372636 #10]  INFO -- : worker=3 ready
I, [2024-10-15T04:49:07.034178 #1]  INFO -- : reaped #<Process::Status: pid 7 exit 0> worker=0
I, [2024-10-15T04:49:07.043185 #1]  INFO -- : reaped #<Process::Status: pid 8 exit 0> worker=1
I, [2024-10-15T04:49:07.043470 #1]  INFO -- : reaped #<Process::Status: pid 9 exit 0> worker=2
I, [2024-10-15T04:49:07.043595 #1]  INFO -- : reaped #<Process::Status: pid 10 exit 0> worker=3
I, [2024-10-15T04:49:07.043801 #1]  INFO -- : master complete
